0 info it worked if it ends with ok
1 verbose cli [ 'node', '/usr/local/bin/npm', 'init' ]
2 info using npm@2.12.1
3 info using node@v0.12.7
4 verbose node symlink /usr/local/bin/node
5 silly package data { devDependencies:
5 silly package data    { bower: '^1.4.1',
5 silly package data      'browser-sync': '~2.7.3',
5 silly package data      gulp: '~3.8.11',
5 silly package data      'gulp-autoprefixer': '~2.3.1',
5 silly package data      'gulp-callback': '~0.0.3',
5 silly package data      'gulp-changed': '~1.2.1',
5 silly package data      'gulp-cloudflare': '~0.1.3',
5 silly package data      'gulp-concat': '~2.5.2',
5 silly package data      'gulp-haml': '~0.1.5',
5 silly package data      'gulp-minify-css': '~1.2.0',
5 silly package data      'gulp-minify-html': '~1.0.3',
5 silly package data      'gulp-ngmin': '~0.3.0',
5 silly package data      'gulp-plumber': '~1.0.1',
5 silly package data      'gulp-rename': '~1.2.2',
5 silly package data      'gulp-rimraf': '',
5 silly package data      'gulp-ruby-haml': '~0.0.4',
5 silly package data      'gulp-sass': '~2.0.1',
5 silly package data      'gulp-sequence': '~0.3.2',
5 silly package data      'gulp-sitemap': '~2.1.1',
5 silly package data      'gulp-uglify': '~1.2.0',
5 silly package data      'gulp-watch': '~4.2.4',
5 silly package data      'gulp-wrap': '',
5 silly package data      'run-sequence': '~1.1.0',
5 silly package data      shelljs: '~0.5.1',
5 silly package data      'stream-combiner2': '~1.0.2',
5 silly package data      'vinyl-buffer': '^1.0.0',
5 silly package data      'vinyl-source-stream': '^1.1.0' },
5 silly package data   version: '0.0.0',
5 silly package data   name: 'recipes-app',
5 silly package data   main: 'gulpfile.js',
5 silly package data   directories: { test: 'test' },
5 silly package data   dependencies:
5 silly package data    { bower: '^1.4.1',
5 silly package data      'browser-sync': '^2.7.13',
5 silly package data      browserify: '^11.0.1',
5 silly package data      gulp: '^3.8.11',
5 silly package data      'gulp-autoprefixer': '^2.3.1',
5 silly package data      'gulp-callback': '^0.0.3',
5 silly package data      'gulp-changed': '^1.2.1',
5 silly package data      'gulp-cloudflare': '^0.1.3',
5 silly package data      'gulp-concat': '^2.5.2',
5 silly package data      'gulp-haml': '^0.1.5',
5 silly package data      'gulp-minify-css': '^1.2.0',
5 silly package data      'gulp-minify-html': '^1.0.4',
5 silly package data      'gulp-ngmin': '^0.3.0',
5 silly package data      'gulp-plumber': '^1.0.1',
5 silly package data      'gulp-rename': '^1.2.2',
5 silly package data      'gulp-rimraf': '^0.1.1',
5 silly package data      'gulp-ruby-haml': '^0.0.4',
5 silly package data      'gulp-sass': '^2.0.4',
5 silly package data      'gulp-sequence': '^0.3.2',
5 silly package data      'gulp-sitemap': '^2.1.1',
5 silly package data      'gulp-uglify': '^1.2.0',
5 silly package data      'gulp-watch': '^4.2.5',
5 silly package data      'gulp-wrap': '^0.11.0',
5 silly package data      'run-sequence': '^1.1.2',
5 silly package data      shelljs: '^0.5.3',
5 silly package data      'stream-combiner2': '^1.0.2',
5 silly package data      'vinyl-buffer': '^1.0.0',
5 silly package data      'vinyl-source-stream': '^1.1.0' },
5 silly package data   scripts: { test: 'echo "Error: no test specified" && exit 1' },
5 silly package data   author: '',
5 silly package data   license: 'ISC',
5 silly package data   description: '' }
6 info init written successfully
7 verbose stack Error: EACCES, open '/Users/msl/Programming/robin/javascript/projects/recipes-app/package.json'
7 verbose stack     at Error (native)
8 verbose cwd /Users/msl/Programming/robin/javascript/projects/recipes-app
9 error Darwin 14.4.0
10 error argv "node" "/usr/local/bin/npm" "init"
11 error node v0.12.7
12 error npm  v2.12.1
13 error path /Users/msl/Programming/robin/javascript/projects/recipes-app/package.json
14 error code EACCES
15 error errno -13
16 error Error: EACCES, open '/Users/msl/Programming/robin/javascript/projects/recipes-app/package.json'
16 error     at Error (native)
16 error  { [Error: EACCES, open '/Users/msl/Programming/robin/javascript/projects/recipes-app/package.json']
16 error   errno: -13,
16 error   code: 'EACCES',
16 error   path: '/Users/msl/Programming/robin/javascript/projects/recipes-app/package.json' }
17 error Please try running this command again as root/Administrator.
18 verbose exit [ -13, true ]
